# ===============================================
# Unit test 3-say_my_name
# ===============================================
import module:
>>> say_my_name = __import__('3-say_my_name').say_my_name

>>> say_my_name("John", "Smith")
My name is John Smith

No arguments:
       >>> say_my_name()
       Traceback (most recent call last):
       TypeError: say_my_name() missing 1 required positional argument: 'first_name'

Pass different argument (not string):
       >>> say_my_name("Clone", 7)
       Traceback (most recent call last):
       TypeError: last_name must be a string

No strings:
       >>> say_my_name(77, 7)
       Traceback (most recent call last):
       TypeError: first_name must be a string
